<?xml version="1.0" encoding="UTF-8"?>
<!-- Generated by org.testng.reporters.JUnitReportReporter -->
<testsuite hostname="SachinRoy-Asus" failures="0" tests="1" name="Testcases.VerifyValidLogin" time="32.741" errors="0" timestamp="08 Mar 2018 17:42:39 GMT" skipped="0">
  <testcase classname="Testcases.VerifyValidLogin" name="checkValidUser" time="32.741"/>
</testsuite> <!-- Testcases.VerifyValidLogin -->
