<?xml version="1.0" encoding="UTF-8"?>
<!-- Generated by org.testng.reporters.JUnitReportReporter -->
<testsuite hostname="SachinRoy-Asus" failures="0" tests="1" name="Testcases.ScrollIntoView" time="6.578" errors="0" timestamp="19 Mar 2018 16:30:42 GMT" skipped="0">
  <testcase classname="Testcases.ScrollIntoView" name="scrollIntoView" time="6.578"/>
</testsuite> <!-- Testcases.ScrollIntoView -->
