<?xml version="1.0" encoding="UTF-8"?>
<!-- Generated by org.testng.reporters.JUnitReportReporter -->
<testsuite hostname="SachinRoy-Asus" failures="0" tests="1" name="Testcases.Checkbox" time="9.956" errors="0" timestamp="15 Mar 2018 16:03:36 GMT" skipped="0">
  <testcase classname="Testcases.Checkbox" name="handleCheckboxes" time="9.956"/>
</testsuite> <!-- Testcases.Checkbox -->
