<?xml version="1.0" encoding="UTF-8"?>
<!-- Generated by org.testng.reporters.JUnitReportReporter -->
<testsuite hostname="SachinRoy-Asus" failures="0" tests="1" name="Testcases.ModalWindow" time="38.331" errors="0" timestamp="19 Mar 2018 15:43:50 GMT" skipped="0">
  <testcase classname="Testcases.ModalWindow" name="handleModalWindow" time="38.331"/>
</testsuite> <!-- Testcases.ModalWindow -->
