<?xml version="1.0" encoding="UTF-8"?>
<!-- Generated by org.testng.reporters.JUnitReportReporter -->
<testsuite hostname="SachinRoy-Asus" failures="0" tests="1" name="Testcases.Dropdown_Regular" time="18.828" errors="0" timestamp="06 Mar 2018 12:53:03 GMT" skipped="0">
  <testcase classname="Testcases.Dropdown_Regular" name="regular" time="18.828"/>
</testsuite> <!-- Testcases.Dropdown_Regular -->
