<?xml version="1.0" encoding="UTF-8"?>
<!-- Generated by org.testng.reporters.JUnitReportReporter -->
<testsuite hostname="SachinRoy-Asus" failures="0" tests="1" name="Testcases.Dropdown_TotalElements" time="16.690" errors="0" timestamp="07 Mar 2018 17:45:40 GMT" skipped="0">
  <testcase classname="Testcases.Dropdown_TotalElements" name="regular" time="16.690"/>
</testsuite> <!-- Testcases.Dropdown_TotalElements -->
