<?xml version="1.0" encoding="UTF-8"?>
<!-- Generated by org.testng.reporters.JUnitReportReporter -->
<testsuite hostname="SachinRoy-Asus" failures="0" tests="2" name="Testcases.Scroll" time="21.749" errors="0" timestamp="19 Mar 2018 16:42:08 GMT" skipped="0">
  <testcase classname="Testcases.Scroll" name="simpleScroll" time="12.159"/>
  <testcase classname="Testcases.Scroll" name="scrollIntoView" time="9.590"/>
</testsuite> <!-- Testcases.Scroll -->
