<?xml version="1.0" encoding="UTF-8"?>
<!-- Generated by org.testng.reporters.JUnitReportReporter -->
<testsuite hostname="SachinRoy-Asus" failures="0" tests="1" name="Testcases.Wait" time="14.071" errors="0" timestamp="16 Mar 2018 20:34:15 GMT" skipped="0">
  <testcase classname="Testcases.Wait" name="explicitWait" time="14.071"/>
</testsuite> <!-- Testcases.Wait -->
