<?xml version="1.0" encoding="UTF-8"?>
<!-- Generated by org.testng.reporters.JUnitReportReporter -->
<testsuite hostname="SachinRoy-Asus" failures="0" tests="1" name="Testcases.Radiobutton" time="6.785" errors="0" timestamp="15 Mar 2018 15:52:36 GMT" skipped="0">
  <testcase classname="Testcases.Radiobutton" name="handleRadioButtons" time="6.785"/>
</testsuite> <!-- Testcases.Radiobutton -->
