<?xml version="1.0" encoding="UTF-8"?>
<!-- Generated by org.testng.reporters.JUnitReportReporter -->
<testsuite hostname="SachinRoy-Asus" failures="0" tests="1" name="Testcases.MouseHover" time="7.731" errors="0" timestamp="19 Mar 2018 20:53:15 GMT" skipped="0">
  <testcase classname="Testcases.MouseHover" name="mouseHover" time="7.731"/>
</testsuite> <!-- Testcases.MouseHover -->
